Name                     Stmts   Miss Branch BrPart  Cover   Missing
--------------------------------------------------------------------
cli\cli.py                 105      7     42      5    92%   85-86, 96, 99, 127, 134-135
core\backgammongame.py     136      2     60      2    98%   72, 151
core\board.py              122      2     62      3    97%   53->exit, 116, 147
core\dice.py                22      0      2      0   100%
core\player.py              10      0      0      0   100%
--------------------------------------------------------------------
TOTAL                      395     11    166     10    96%
