Name                     Stmts   Miss Branch BrPart  Cover   Missing
--------------------------------------------------------------------
cli\cli.py                 105      7     42      5    92%   86-87, 97, 100, 128, 135-136
core\backgammongame.py     136      2     60      2    98%   73, 152
core\board.py              122      2     62      3    97%   53->exit, 116, 147
core\dice.py                22      0      2      0   100%
core\player.py              10      0      0      0   100%
--------------------------------------------------------------------
TOTAL                      395     11    166     10    96%
